<?xml version="1.0" encoding="UTF-8"?>
<!-- Generated by org.testng.reporters.JUnitReportReporter -->
<testsuite hostname="BLESSINGS" failures="0" tests="3" name="testCases.applyForJob" time="47.075" errors="0" timestamp="06 Jan 2022 06:36:49 GMT" skipped="0">
  <testcase classname="testCases.applyForJob" name="launchApp" time="26.505"/>
  <testcase classname="testCases.applyForJob" name="searchJob" time="10.123"/>
  <testcase classname="testCases.applyForJob" name="applyForJobToUX" time="10.447"/>
</testsuite> <!-- testCases.applyForJob -->
